20230024-105340-0634 04770   TrueTime        (truetime.cc:29):   TrueTime variance: skew=0 error=0
20230024-105340-0635 04770   Client          (client.cc:55):     Initializing SpanStore client with id [11903157371501566090]
20230024-105340-0636 04770   BindToPort      (udptransport.cc:174): Binding to 0.0.0.0:0
20230024-105340-0636 04770   BindToPort      (udptransport.cc:174): Binding to 0.0.0.0:0
20230024-105340-0636 04770   Register        (udptransport.cc:372): Listening on UDP port 50430
20230024-105340-0636 04770   Register        (udptransport.cc:372): Listening on UDP port 56451
20230024-105340-0637 04770   BindToPort      (udptransport.cc:174): Binding to 0.0.0.0:0
20230024-105340-0637 04770   Client          (client.cc:97):     SpanStore client [11903157371501566090] created!
20230024-105340-0637 04770   Register        (udptransport.cc:372): Listening on UDP port 59839
20230024-105340-7172 04770   Begin           (client.cc:149):    BEGIN Transaction
20230024-105340-7173 04770   Begin           (client.cc:151):    txn id: 11903157371501560001
20230024-105340-7173 04770   Begin           (shardclient.cc:79): [shard 0] BEGIN: 11903157371501560001
20230024-105340-7173 04770   Begin           (shardclient.cc:79): [shard 1] BEGIN: 11903157371501560001
20230024-105340-7173 04770   Begin           (shardclient.cc:79): [shard 2] BEGIN: 11903157371501560001
20230024-105340-9331 04770   Get             (shardclient.cc:94): [shard 0] Sending GET [ZV7ZDsV2kwM59cbZ7LFVGE8XHYfwSLlPPUk56H0X7vWUfmwz4wOYEvnRv3QGZ2Xr] of 11903157371501560001 to replica 0
20230024-105340-9333 04770   InvokeGetData   (client.cc:329):    Send getdata request of txn 11903157371501560001 to replica 0
20230024-105340-9367 04770   GetCallback     (shardclient.cc:328): [shard 0] Received GET callback [0] of txn 1880844493789993498
20230024-105340-9368 04770   Get             (client.cc:181):    Get ZV7ZDsV2kwM59cbZ7LFVGE8XHYfwSLlPPUk56H0X7vWUfmwz4wOYEvnRv3QGZ2Xr of txn 1880844493789993498, state 0
20230024-105340-9368 04770   Prepare         (client.cc:215):    PREPARE Transaction 11903157371501560001
20230024-105340-9368 04770   Prepare         (client.cc:273):    Sending prepare to shard [0]
20230024-105340-9368 04770   Prepare         (shardclient.cc:177): [shard 0] Sending PREPARE: 11903157371501560001
20230024-105340-9369 04770   InvokePrepare   (client.cc:60):     111
20230024-105340-9369 04770   InvokePrepare   (client.cc:62):     LRClient prepare txn: 11903157371501560001
20230024-105340-9369 04770   ParallelModeCommit (shardclient.cc:197): [shard 0] Sending parallel mode commit: 11903157371501560001
20230024-105340-9369 04770   Prepare         (client.cc:304):    Waiting for PREPARE replies
20230024-105340-9369 04770   SendPrepare     (client.cc:76):     LRClient send prepare of txn 11903157371501560001
20230024-105340-9369 04770   SendPrepare     (client.cc:94):     111
20230024-105340-9369 04770   SendPrepare     (client.cc:99):     222
20230024-105340-9370 04770   InvokeParallelCommit (client.cc:234):    LRClient parallel commit txn: 11903157371501560001
20230024-105341-1218 04770   HandlePrepareTxnReply (client.cc:166):    Receive prepare reply of txn: 11903157371501560001 on shard: 0 from replica 0
20230024-105341-1218 04770   PrepareCallback (shardclient.cc:359): [shard 0] Received PREPARE callback of 11903157371501560001, state [0]
20230024-105341-1218 04770   PrepareCallback (shardclient.cc:362): Waiting tid 11903157371501560001
20230024-105341-1219 04770   Commit          (client.cc:379):    COMMIT Transaction 11903157371501560001 at [1]
20230024-105341-1219 04770   Commit          (shardclient.cc:241): [shard 0] Sending COMMIT: 11903157371501560001
20230024-105341-1219 04770   GetPrepareReply (promise.cc:197):   Txn 11903157371501560001 reach normal commit
20230024-105341-1219 04770   Prepare         (client.cc:307):    Client receive the result of 11903157371501560001, state 0
20230024-105341-1220 04770   Begin           (client.cc:149):    BEGIN Transaction
20230024-105341-1220 04770   Begin           (client.cc:151):    txn id: 11903157371501560002
20230024-105341-1220 04770   Begin           (shardclient.cc:79): [shard 0] BEGIN: 11903157371501560002
20230024-105341-1220 04770   Begin           (shardclient.cc:79): [shard 1] BEGIN: 11903157371501560002
20230024-105341-1220 04770   Begin           (shardclient.cc:79): [shard 2] BEGIN: 11903157371501560002
20230024-105341-1220 04770   Get             (shardclient.cc:94): [shard 0] Sending GET [bnLLdKkrPuXzUM3dpTrdFdcrjjDFlsuZxYMQa7dcJNVlWryZLWSu9WMLHanABuxK] of 11903157371501560002 to replica 0
20230024-105341-1220 04770   InvokeGetData   (client.cc:329):    Send getdata request of txn 11903157371501560002 to replica 0
20230024-105341-1243 04770   HandleParallelModeCommitReply (client.cc:287):    Received parallel mode commit reply of txn: 11903157371501560001
20230024-105341-1243 04770   ParallelModeCommitCallback (shardclient.cc:403): Received ParallelModeCommit callback of 11903157371501560001, state [0]
20230024-105341-1243 04770   ParallelModeCommitCallback (shardclient.cc:406): Waiting tid 1065353216
20230024-105341-1246 04770   GetCallback     (shardclient.cc:328): [shard 0] Received GET callback [0] of txn 1065353216
20230024-105341-1246 04770   Get             (client.cc:181):    Get bnLLdKkrPuXzUM3dpTrdFdcrjjDFlsuZxYMQa7dcJNVlWryZLWSu9WMLHanABuxK of txn 1065353216, state 0
20230024-105341-1247 04770   InvokePrepare   (client.cc:60):     111
20230024-105341-1247 04770   InvokePrepare   (client.cc:62):     LRClient prepare txn: 11903157371501560002
20230024-105341-1247 04770   Prepare         (client.cc:215):    PREPARE Transaction 11903157371501560002
20230024-105341-1247 04770   Prepare         (client.cc:273):    Sending prepare to shard [0]
20230024-105341-1247 04770   Prepare         (client.cc:273):    Sending prepare to shard [2]
20230024-105341-1247 04770   Prepare         (shardclient.cc:177): [shard 0] Sending PREPARE: 11903157371501560002
20230024-105341-1247 04770   Prepare         (shardclient.cc:177): [shard 2] Sending PREPARE: 11903157371501560002
20230024-105341-1248 04770   InvokePrepare   (client.cc:60):     111
20230024-105341-1248 04770   ParallelModeCommit (shardclient.cc:197): [shard 0] Sending parallel mode commit: 11903157371501560002
20230024-105341-1248 04770   Prepare         (client.cc:273):    Sending prepare to shard [1]
20230024-105341-1248 04770   Prepare         (client.cc:304):    Waiting for PREPARE replies
20230024-105341-1248 04770   Prepare         (shardclient.cc:177): [shard 1] Sending PREPARE: 11903157371501560002
20230024-105341-1248 04770   SendPrepare     (client.cc:76):     LRClient send prepare of txn 11903157371501560002
20230024-105341-1248 04770   SendPrepare     (client.cc:94):     111
20230024-105341-1248 04770   SendPrepare     (client.cc:99):     222
20230024-105341-1249 04770   InvokeParallelCommit (client.cc:234):    LRClient parallel commit txn: 11903157371501560002
20230024-105341-1249 04770   InvokePrepare   (client.cc:60):     111
20230024-105341-1249 04770   InvokePrepare   (client.cc:62):     LRClient prepare txn: 11903157371501560002
20230024-105341-1249 04770   InvokePrepare   (client.cc:62):     LRClient prepare txn: 11903157371501560002
20230024-105341-1249 04770   SendPrepare     (client.cc:76):     LRClient send prepare of txn 11903157371501560002
20230024-105341-1249 04770   SendPrepare     (client.cc:76):     LRClient send prepare of txn 11903157371501560002
20230024-105341-1249 04770   SendPrepare     (client.cc:94):     111
20230024-105341-1249 04770   SendPrepare     (client.cc:99):     222
20230024-105341-1250 04770   SendPrepare     (client.cc:94):     111
20230024-105341-1250 04770   SendPrepare     (client.cc:99):     222
20230024-105341-3092 04770   HandlePrepareTxnReply (client.cc:166):    Receive prepare reply of txn: 11903157371501560002 on shard: 0 from replica 0
20230024-105341-3093 04770   PrepareCallback (shardclient.cc:359): [shard 0] Received PREPARE callback of 11903157371501560002, state [0]
20230024-105341-3093 04770   PrepareCallback (shardclient.cc:362): Waiting tid 11903157371501560002
20230024-105341-3750 04770   HandleParallelModeCommitReply (client.cc:287):    Received parallel mode commit reply of txn: 11903157371501560002
20230024-105341-3751 04770   Commit          (client.cc:379):    COMMIT Transaction 11903157371501560002 at [0]
20230024-105341-3751 04770   GetPrepareReply (promise.cc:189):   Txn 11903157371501560002 reach final decision
20230024-105341-3751 04770   ParallelModeCommitCallback (shardclient.cc:403): Received ParallelModeCommit callback of 11903157371501560002, state [0]
20230024-105341-3751 04770   ParallelModeCommitCallback (shardclient.cc:406): Waiting tid 11903157371501560002
20230024-105341-3751 04770   Prepare         (client.cc:307):    Client receive the result of 11903157371501560002, state 0
20230024-105341-3751 04770   Reply           (promise.cc:133):   Reach final decision
20230024-105341-3752 04770   Begin           (client.cc:149):    BEGIN Transaction
20230024-105341-3752 04770   Begin           (client.cc:151):    txn id: 11903157371501560003
20230024-105341-3752 04770   Begin           (shardclient.cc:79): [shard 0] BEGIN: 11903157371501560003
20230024-105341-3752 04770   Begin           (shardclient.cc:79): [shard 1] BEGIN: 11903157371501560003
20230024-105341-3752 04770   Commit          (shardclient.cc:241): [shard 0] Sending COMMIT: 11903157371501560002
20230024-105341-3752 04770   Commit          (shardclient.cc:241): [shard 1] Sending COMMIT: 11903157371501560002
20230024-105341-3752 04770   Commit          (shardclient.cc:241): [shard 2] Sending COMMIT: 11903157371501560002
20230024-105341-3753 04770   Begin           (shardclient.cc:79): [shard 2] BEGIN: 11903157371501560003
20230024-105341-3753 04770   Get             (shardclient.cc:94): [shard 1] Sending GET [mWWTe6XKqwzLbmQ35hlB9X4CvBM19GqpPQr9s8Y3gNt5UVY6d28EiPEDI0gqHzOC] of 11903157371501560003 to replica 0
20230024-105341-3753 04770   InvokeGetData   (client.cc:329):    Send getdata request of txn 11903157371501560003 to replica 0
20230024-105341-3781 04770   GetCallback     (shardclient.cc:328): [shard 1] Received GET callback [0] of txn 1065353216
20230024-105341-3781 04770   Get             (client.cc:181):    Get mWWTe6XKqwzLbmQ35hlB9X4CvBM19GqpPQr9s8Y3gNt5UVY6d28EiPEDI0gqHzOC of txn 1065353216, state 0
20230024-105341-3781 04770   Get             (shardclient.cc:94): [shard 1] Sending GET [tJzt8hEzqxsNDG0UtS8bgzpKVD3BV2l83jpZDvTdnyzhdJK6naPfvxEMzGwhAERJ] of 11903157371501560003 to replica 0
20230024-105341-3781 04770   InvokeGetData   (client.cc:329):    Send getdata request of txn 11903157371501560003 to replica 0
20230024-105341-3808 04770   GetCallback     (shardclient.cc:328): [shard 1] Received GET callback [0] of txn 1065353216
20230024-105341-3808 04770   Get             (client.cc:181):    Get tJzt8hEzqxsNDG0UtS8bgzpKVD3BV2l83jpZDvTdnyzhdJK6naPfvxEMzGwhAERJ of txn 1065353216, state 0
20230024-105341-3808 04770   InvokePrepare   (client.cc:60):     111
20230024-105341-3808 04770   ParallelModeCommit (shardclient.cc:197): [shard 0] Sending parallel mode commit: 11903157371501560003
20230024-105341-3808 04770   Prepare         (client.cc:215):    PREPARE Transaction 11903157371501560003
20230024-105341-3808 04770   Prepare         (client.cc:273):    Sending prepare to shard [1]
20230024-105341-3808 04770   Prepare         (shardclient.cc:177): [shard 1] Sending PREPARE: 11903157371501560003
20230024-105341-3809 04770   InvokeParallelCommit (client.cc:234):    LRClient parallel commit txn: 11903157371501560003
20230024-105341-3809 04770   InvokePrepare   (client.cc:62):     LRClient prepare txn: 11903157371501560003
20230024-105341-3809 04770   Prepare         (client.cc:304):    Waiting for PREPARE replies
20230024-105341-3809 04770   SendPrepare     (client.cc:76):     LRClient send prepare of txn 11903157371501560003
20230024-105341-3809 04770   SendPrepare     (client.cc:94):     111
20230024-105341-3809 04770   SendPrepare     (client.cc:99):     222
20230024-105341-4587 04770   HandlePrepareTxnReply (client.cc:166):    Receive prepare reply of txn: 11903157371501560002 on shard: 1 from replica 1
20230024-105341-4588 04770   PrepareCallback (shardclient.cc:359): [shard 1] Received PREPARE callback of 11903157371501560002, state [0]
20230024-105341-4588 04770   PrepareCallback (shardclient.cc:362): Waiting tid 11903157371501560003
20230024-105341-5194 04770   HandlePrepareTxnReply (client.cc:166):    Receive prepare reply of txn: 11903157371501560002 on shard: 2 from replica 2
20230024-105341-5195 04770   PrepareCallback (shardclient.cc:359): [shard 2] Received PREPARE callback of 11903157371501560002, state [0]
20230024-105341-5195 04770   PrepareCallback (shardclient.cc:362): Waiting tid 11903157371501560003
20230024-105341-5664 04770   HandleParallelModeCommitReply (client.cc:287):    Received parallel mode commit reply of txn: 11903157371501560003
20230024-105341-5664 04770   ParallelModeCommitCallback (shardclient.cc:403): Received ParallelModeCommit callback of 11903157371501560003, state [0]
20230024-105341-5664 04770   ParallelModeCommitCallback (shardclient.cc:406): Waiting tid 11903157371501560003
20230024-105341-5664 04770   Reply           (promise.cc:133):   Reach final decision
20230024-105341-5665 04770   Commit          (client.cc:379):    COMMIT Transaction 11903157371501560003 at [0]
20230024-105341-5665 04770   Commit          (shardclient.cc:241): [shard 1] Sending COMMIT: 11903157371501560003
20230024-105341-5665 04770   GetPrepareReply (promise.cc:189):   Txn 11903157371501560003 reach final decision
20230024-105341-5665 04770   Prepare         (client.cc:307):    Client receive the result of 11903157371501560003, state 0
20230024-105341-5666 04770   Begin           (client.cc:149):    BEGIN Transaction
20230024-105341-5666 04770   Begin           (client.cc:151):    txn id: 11903157371501560004
20230024-105341-5666 04770   Begin           (shardclient.cc:79): [shard 0] BEGIN: 11903157371501560004
20230024-105341-5666 04770   Begin           (shardclient.cc:79): [shard 1] BEGIN: 11903157371501560004
20230024-105341-5666 04770   Begin           (shardclient.cc:79): [shard 2] BEGIN: 11903157371501560004
20230024-105341-5666 04770   Get             (shardclient.cc:94): [shard 0] Sending GET [RwAjaQNOKvdUhfeam2IxShTbatAFqnxHhUXQTbZ7EHjUeE1c3iFoQzEWACLm4d9T] of 11903157371501560004 to replica 0
20230024-105341-5666 04770   InvokeGetData   (client.cc:329):    Send getdata request of txn 11903157371501560004 to replica 0
20230024-105341-5692 04770   GetCallback     (shardclient.cc:328): [shard 0] Received GET callback [0] of txn 1065353216
20230024-105341-5692 04770   Get             (client.cc:181):    Get RwAjaQNOKvdUhfeam2IxShTbatAFqnxHhUXQTbZ7EHjUeE1c3iFoQzEWACLm4d9T of txn 1065353216, state 0
20230024-105341-5692 04770   Get             (shardclient.cc:94): [shard 0] Sending GET [WJDePbUEy1rEMWGLJdXjETO6w35fvXGd2e7FF42ZqPYpoBuRTAmyvhbyMoMKy5hW] of 11903157371501560004 to replica 0
20230024-105341-5693 04770   InvokeGetData   (client.cc:329):    Send getdata request of txn 11903157371501560004 to replica 0
20230024-105341-5718 04770   GetCallback     (shardclient.cc:328): [shard 0] Received GET callback [0] of txn 1065353216
20230024-105341-5718 04770   Get             (client.cc:181):    Get WJDePbUEy1rEMWGLJdXjETO6w35fvXGd2e7FF42ZqPYpoBuRTAmyvhbyMoMKy5hW of txn 1065353216, state 0
20230024-105341-5719 04770   InvokePrepare   (client.cc:60):     111
20230024-105341-5719 04770   InvokePrepare   (client.cc:62):     LRClient prepare txn: 11903157371501560004
20230024-105341-5719 04770   ParallelModeCommit (shardclient.cc:197): [shard 0] Sending parallel mode commit: 11903157371501560004
20230024-105341-5719 04770   Prepare         (client.cc:215):    PREPARE Transaction 11903157371501560004
20230024-105341-5719 04770   Prepare         (client.cc:273):    Sending prepare to shard [0]
20230024-105341-5719 04770   Prepare         (client.cc:304):    Waiting for PREPARE replies
20230024-105341-5719 04770   Prepare         (shardclient.cc:177): [shard 0] Sending PREPARE: 11903157371501560004
20230024-105341-5719 04770   SendPrepare     (client.cc:76):     LRClient send prepare of txn 11903157371501560004
20230024-105341-5720 04770   InvokeParallelCommit (client.cc:234):    LRClient parallel commit txn: 11903157371501560004
20230024-105341-5720 04770   SendPrepare     (client.cc:94):     111
20230024-105341-5720 04770   SendPrepare     (client.cc:99):     222
20230024-105341-7134 04770   HandlePrepareTxnReply (client.cc:166):    Receive prepare reply of txn: 11903157371501560003 on shard: 1 from replica 1
20230024-105341-7134 04770   PrepareCallback (shardclient.cc:359): [shard 1] Received PREPARE callback of 11903157371501560003, state [0]
20230024-105341-7135 04770   PrepareCallback (shardclient.cc:362): Waiting tid 11903157371501560004
20230024-105341-7563 04770   HandlePrepareTxnReply (client.cc:166):    Receive prepare reply of txn: 11903157371501560004 on shard: 0 from replica 0
20230024-105341-7564 04770   Commit          (client.cc:379):    COMMIT Transaction 11903157371501560004 at [3]
20230024-105341-7564 04770   GetPrepareReply (promise.cc:197):   Txn 11903157371501560004 reach normal commit
20230024-105341-7564 04770   PrepareCallback (shardclient.cc:359): [shard 0] Received PREPARE callback of 11903157371501560004, state [0]
20230024-105341-7564 04770   PrepareCallback (shardclient.cc:362): Waiting tid 11903157371501560004
20230024-105341-7564 04770   Prepare         (client.cc:307):    Client receive the result of 11903157371501560004, state 0
20230024-105341-7565 04770   Begin           (client.cc:149):    BEGIN Transaction
20230024-105341-7565 04770   Begin           (client.cc:151):    txn id: 11903157371501560005
20230024-105341-7565 04770   Begin           (shardclient.cc:79): [shard 0] BEGIN: 11903157371501560005
20230024-105341-7565 04770   Begin           (shardclient.cc:79): [shard 1] BEGIN: 11903157371501560005
20230024-105341-7565 04770   Begin           (shardclient.cc:79): [shard 2] BEGIN: 11903157371501560005
20230024-105341-7565 04770   Commit          (shardclient.cc:241): [shard 0] Sending COMMIT: 11903157371501560004
20230024-105341-7565 04770   Get             (shardclient.cc:94): [shard 1] Sending GET [fpLXVx1KnmlgqFhHiiWZSi5XbggL5u0heTIRLLt8RqGxa8KXwPrgmWSQPDcolmql] of 11903157371501560005 to replica 0
20230024-105341-7566 04770   InvokeGetData   (client.cc:329):    Send getdata request of txn 11903157371501560005 to replica 0
20230024-105341-7588 04770   HandleParallelModeCommitReply (client.cc:287):    Received parallel mode commit reply of txn: 11903157371501560004
20230024-105341-7588 04770   ParallelModeCommitCallback (shardclient.cc:403): Received ParallelModeCommit callback of 11903157371501560004, state [0]
20230024-105341-7588 04770   ParallelModeCommitCallback (shardclient.cc:406): Waiting tid 11903157371501560004
20230024-105341-7588 04770   Reply           (promise.cc:133):   Reach final decision
20230024-105341-7593 04770   GetCallback     (shardclient.cc:328): [shard 1] Received GET callback [0] of txn 1065353216
20230024-105341-7593 04770   Get             (client.cc:181):    Get fpLXVx1KnmlgqFhHiiWZSi5XbggL5u0heTIRLLt8RqGxa8KXwPrgmWSQPDcolmql of txn 1065353216, state 0
20230024-105341-7593 04770   Get             (shardclient.cc:94): [shard 1] Sending GET [NMNwPybMth1UKGIl3dPz9DuYvK4scRUDGEyJoB5z6CWeKhgQ73aPrL1ovCkvxoV1] of 11903157371501560005 to replica 0
20230024-105341-7593 04770   InvokeGetData   (client.cc:329):    Send getdata request of txn 11903157371501560005 to replica 0
20230024-105341-7620 04770   GetCallback     (shardclient.cc:328): [shard 1] Received GET callback [0] of txn 1065353216
20230024-105341-7620 04770   Get             (client.cc:181):    Get NMNwPybMth1UKGIl3dPz9DuYvK4scRUDGEyJoB5z6CWeKhgQ73aPrL1ovCkvxoV1 of txn 1065353216, state 0
20230024-105341-7620 04770   Get             (shardclient.cc:94): [shard 0] Sending GET [401Egwwo8VHsvw2PhycwjxRQ47ek06EVqFjBlOPc2xVF4citRRzEKv7eU6a2l2fv] of 11903157371501560005 to replica 0
20230024-105341-7620 04770   InvokeGetData   (client.cc:329):    Send getdata request of txn 11903157371501560005 to replica 0
20230024-105341-7646 04770   GetCallback     (shardclient.cc:328): [shard 0] Received GET callback [0] of txn 1065353216
20230024-105341-7646 04770   Get             (client.cc:181):    Get 401Egwwo8VHsvw2PhycwjxRQ47ek06EVqFjBlOPc2xVF4citRRzEKv7eU6a2l2fv of txn 1065353216, state 0
20230024-105341-7646 04770   Get             (shardclient.cc:94): [shard 1] Sending GET [1biUtoVULTxxczwiw6rAci8cJKT6MEsWpqaJFD7jVMJdMUta080SAWzSyexNIiVn] of 11903157371501560005 to replica 0
20230024-105341-7647 04770   InvokeGetData   (client.cc:329):    Send getdata request of txn 11903157371501560005 to replica 0
20230024-105341-7673 04770   GetCallback     (shardclient.cc:328): [shard 1] Received GET callback [0] of txn 1065353216
20230024-105341-7673 04770   Get             (client.cc:181):    Get 1biUtoVULTxxczwiw6rAci8cJKT6MEsWpqaJFD7jVMJdMUta080SAWzSyexNIiVn of txn 1065353216, state 0
20230024-105341-7674 04770   Get             (shardclient.cc:94): [shard 0] Sending GET [k81oNGxZOSRt1lqarXxUVBcFPx57S1KuXmoxVkZOWSx6iyOL5zPssotx3qMioU2A] of 11903157371501560005 to replica 0
20230024-105341-7674 04770   InvokeGetData   (client.cc:329):    Send getdata request of txn 11903157371501560005 to replica 0
20230024-105341-7699 04770   GetCallback     (shardclient.cc:328): [shard 0] Received GET callback [0] of txn 1065353216
20230024-105341-7700 04770   Get             (client.cc:181):    Get k81oNGxZOSRt1lqarXxUVBcFPx57S1KuXmoxVkZOWSx6iyOL5zPssotx3qMioU2A of txn 1065353216, state 0
20230024-105341-7700 04770   Get             (shardclient.cc:94): [shard 0] Sending GET [6lH6ruB7sAMXQOY0pn70goNadwHbuhpj1Gcv5mTX3XtPrfgWghxhv12I9QX2gu1K] of 11903157371501560005 to replica 0
20230024-105341-7700 04770   InvokeGetData   (client.cc:329):    Send getdata request of txn 11903157371501560005 to replica 0
20230024-105341-7726 04770   GetCallback     (shardclient.cc:328): [shard 0] Received GET callback [0] of txn 1065353216
20230024-105341-7726 04770   Get             (client.cc:181):    Get 6lH6ruB7sAMXQOY0pn70goNadwHbuhpj1Gcv5mTX3XtPrfgWghxhv12I9QX2gu1K of txn 1065353216, state 0
20230024-105341-7726 04770   Prepare         (client.cc:215):    PREPARE Transaction 11903157371501560005
20230024-105341-7726 04770   Prepare         (client.cc:273):    Sending prepare to shard [1]
20230024-105341-7726 04770   Prepare         (shardclient.cc:177): [shard 1] Sending PREPARE: 11903157371501560005
malloc(): unaligned tcache chunk detected
/root/tapir-commit/store/benchmark/retwisClient: invalid option -- 'l'
/root/tapir-commit/store/benchmark/retwisClient: invalid option -- 'w'
Unknown argument 2
Unknown argument 50
1 1674528820.717343 1674528821.122002 404659 1 4 0
2 1674528821.122056 1674528821.375265 253209 1 1 0
3 1674528821.375318 1674528821.566596 191278 1 4 0
4 1674528821.566653 1674528821.756533 189880 1 4 0
